app/build/intermediates/manifest_merge_blame_file/debug/processDebugMainManifest/manifest-merger-blame-debug-report.txt
1<?xml version="1.0" encoding="utf-8"?>
2<manifest xmlns:android="http://schemas.android.com/apk/res/android"
3    package="com.amua.audiodownloader"
4    android:versionCode="1"
5    android:versionName="1.0" >
6
7    <uses-sdk
8        android:minSdkVersion="26"
9        android:targetSdkVersion="34" />
10
11    <!-- BLE Permissions -->
12    <uses-permission
12-->src/main/AndroidManifest.xml:6:5-95
13        android:name="android.permission.BLUETOOTH"
13-->src/main/AndroidManifest.xml:6:22-65
14        android:maxSdkVersion="30" />
14-->src/main/AndroidManifest.xml:6:66-92
15    <uses-permission
15-->src/main/AndroidManifest.xml:7:5-101
16        android:name="android.permission.BLUETOOTH_ADMIN"
16-->src/main/AndroidManifest.xml:7:22-71
17        android:maxSdkVersion="30" />
17-->src/main/AndroidManifest.xml:7:72-98
18    <uses-permission
18-->src/main/AndroidManifest.xml:8:5-120
19        android:name="android.permission.BLUETOOTH_SCAN"
19-->src/main/AndroidManifest.xml:8:22-70
20        android:usesPermissionFlags="neverForLocation" />
20-->src/main/AndroidManifest.xml:8:71-117
21    <uses-permission android:name="android.permission.BLUETOOTH_CONNECT" />
21-->src/main/AndroidManifest.xml:9:5-76
21-->src/main/AndroidManifest.xml:9:22-73
22
23    <!-- Location permission for BLE scanning on older Android versions -->
24    <uses-permission
24-->src/main/AndroidManifest.xml:12:5-106
25        android:name="android.permission.ACCESS_FINE_LOCATION"
25-->src/main/AndroidManifest.xml:12:22-76
26        android:maxSdkVersion="30" />
26-->src/main/AndroidManifest.xml:12:77-103
27    <uses-permission
27-->src/main/AndroidManifest.xml:13:5-108
28        android:name="android.permission.ACCESS_COARSE_LOCATION"
28-->src/main/AndroidManifest.xml:13:22-78
29        android:maxSdkVersion="30" />
29-->src/main/AndroidManifest.xml:13:79-105
30
31    <!-- Declare BLE feature -->
32    <uses-feature
32-->src/main/AndroidManifest.xml:16:5-18:35
33        android:name="android.hardware.bluetooth_le"
33-->src/main/AndroidManifest.xml:17:9-53
34        android:required="true" />
34-->src/main/AndroidManifest.xml:18:9-32
35
36    <permission
36-->[androidx.core:core:1.12.0] AndroidManifest.xml:22:5-24:47
37        android:name="com.amua.audiodownloader.DYNAMIC_RECEIVER_NOT_EXPORTED_PERMISSION"
37-->[androidx.core:core:1.12.0] AndroidManifest.xml:23:9-81
38        android:protectionLevel="signature" />
38-->[androidx.core:core:1.12.0] AndroidManifest.xml:24:9-44
39
40    <uses-permission android:name="com.amua.audiodownloader.DYNAMIC_RECEIVER_NOT_EXPORTED_PERMISSION" />
40-->[androidx.core:core:1.12.0] AndroidManifest.xml:26:5-97
40-->[androidx.core:core:1.12.0] AndroidManifest.xml:26:22-94
41
42    <application
42-->src/main/AndroidManifest.xml:20:5-39:19
43        android:name="com.amua.audiodownloader.AudioDownloaderApp"
43-->src/main/AndroidManifest.xml:21:9-43
44        android:allowBackup="true"
44-->src/main/AndroidManifest.xml:22:9-35
45        android:appComponentFactory="androidx.core.app.CoreComponentFactory"
45-->[androidx.core:core:1.12.0] AndroidManifest.xml:28:18-86
46        android:debuggable="true"
47        android:extractNativeLibs="false"
48        android:icon="@mipmap/ic_launcher"
48-->src/main/AndroidManifest.xml:23:9-43
49        android:label="@string/app_name"
49-->src/main/AndroidManifest.xml:24:9-41
50        android:roundIcon="@mipmap/ic_launcher_round"
50-->src/main/AndroidManifest.xml:25:9-54
51        android:supportsRtl="true"
51-->src/main/AndroidManifest.xml:26:9-35
52        android:theme="@style/Theme.AudioDownloader" >
52-->src/main/AndroidManifest.xml:27:9-53
53        <activity
53-->src/main/AndroidManifest.xml:30:9-38:20
54            android:name="com.amua.audiodownloader.ui.MainActivity"
54-->src/main/AndroidManifest.xml:31:13-44
55            android:exported="true"
55-->src/main/AndroidManifest.xml:32:13-36
56            android:theme="@style/Theme.AudioDownloader" >
56-->src/main/AndroidManifest.xml:33:13-57
57            <intent-filter>
57-->src/main/AndroidManifest.xml:34:13-37:29
58                <action android:name="android.intent.action.MAIN" />
58-->src/main/AndroidManifest.xml:35:17-69
58-->src/main/AndroidManifest.xml:35:25-66
59
60                <category android:name="android.intent.category.LAUNCHER" />
60-->src/main/AndroidManifest.xml:36:17-77
60-->src/main/AndroidManifest.xml:36:27-74
61            </intent-filter>
62        </activity>
63
64        <provider
64-->[androidx.emoji2:emoji2:1.2.0] AndroidManifest.xml:24:9-32:20
65            android:name="androidx.startup.InitializationProvider"
65-->[androidx.emoji2:emoji2:1.2.0] AndroidManifest.xml:25:13-67
66            android:authorities="com.amua.audiodownloader.androidx-startup"
66-->[androidx.emoji2:emoji2:1.2.0] AndroidManifest.xml:26:13-68
67            android:exported="false" >
67-->[androidx.emoji2:emoji2:1.2.0] AndroidManifest.xml:27:13-37
68            <meta-data
68-->[androidx.emoji2:emoji2:1.2.0] AndroidManifest.xml:29:13-31:52
69                android:name="androidx.emoji2.text.EmojiCompatInitializer"
69-->[androidx.emoji2:emoji2:1.2.0] AndroidManifest.xml:30:17-75
70                android:value="androidx.startup" />
70-->[androidx.emoji2:emoji2:1.2.0] AndroidManifest.xml:31:17-49
71            <meta-data
71-->[androidx.lifecycle:lifecycle-process:2.7.0] AndroidManifest.xml:29:13-31:52
72                android:name="androidx.lifecycle.ProcessLifecycleInitializer"
72-->[androidx.lifecycle:lifecycle-process:2.7.0] AndroidManifest.xml:30:17-78
73                android:value="androidx.startup" />
73-->[androidx.lifecycle:lifecycle-process:2.7.0] AndroidManifest.xml:31:17-49
74            <meta-data
74-->[androidx.profileinstaller:profileinstaller:1.3.0] AndroidManifest.xml:29:13-31:52
75                android:name="androidx.profileinstaller.ProfileInstallerInitializer"
75-->[androidx.profileinstaller:profileinstaller:1.3.0] AndroidManifest.xml:30:17-85
76                android:value="androidx.startup" />
76-->[androidx.profileinstaller:profileinstaller:1.3.0] AndroidManifest.xml:31:17-49
77        </provider>
78
79        <receiver
79-->[androidx.profileinstaller:profileinstaller:1.3.0] AndroidManifest.xml:34:9-52:20
80            android:name="androidx.profileinstaller.ProfileInstallReceiver"
80-->[androidx.profileinstaller:profileinstaller:1.3.0] AndroidManifest.xml:35:13-76
81            android:directBootAware="false"
81-->[androidx.profileinstaller:profileinstaller:1.3.0] AndroidManifest.xml:36:13-44
82            android:enabled="true"
82-->[androidx.profileinstaller:profileinstaller:1.3.0] AndroidManifest.xml:37:13-35
83            android:exported="true"
83-->[androidx.profileinstaller:profileinstaller:1.3.0] AndroidManifest.xml:38:13-36
84            android:permission="android.permission.DUMP" >
84-->[androidx.profileinstaller:profileinstaller:1.3.0] AndroidManifest.xml:39:13-57
85            <intent-filter>
85-->[androidx.profileinstaller:profileinstaller:1.3.0] AndroidManifest.xml:40:13-42:29
86                <action android:name="androidx.profileinstaller.action.INSTALL_PROFILE" />
86-->[androidx.profileinstaller:profileinstaller:1.3.0] AndroidManifest.xml:41:17-91
86-->[androidx.profileinstaller:profileinstaller:1.3.0] AndroidManifest.xml:41:25-88
87            </intent-filter>
88            <intent-filter>
88-->[androidx.profileinstaller:profileinstaller:1.3.0] AndroidManifest.xml:43:13-45:29
89                <action android:name="androidx.profileinstaller.action.SKIP_FILE" />
89-->[androidx.profileinstaller:profileinstaller:1.3.0] AndroidManifest.xml:44:17-85
89-->[androidx.profileinstaller:profileinstaller:1.3.0] AndroidManifest.xml:44:25-82
90            </intent-filter>
91            <intent-filter>
91-->[androidx.profileinstaller:profileinstaller:1.3.0] AndroidManifest.xml:46:13-48:29
92                <action android:name="androidx.profileinstaller.action.SAVE_PROFILE" />
92-->[androidx.profileinstaller:profileinstaller:1.3.0] AndroidManifest.xml:47:17-88
92-->[androidx.profileinstaller:profileinstaller:1.3.0] AndroidManifest.xml:47:25-85
93            </intent-filter>
94            <intent-filter>
94-->[androidx.profileinstaller:profileinstaller:1.3.0] AndroidManifest.xml:49:13-51:29
95                <action android:name="androidx.profileinstaller.action.BENCHMARK_OPERATION" />
95-->[androidx.profileinstaller:profileinstaller:1.3.0] AndroidManifest.xml:50:17-95
95-->[androidx.profileinstaller:profileinstaller:1.3.0] AndroidManifest.xml:50:25-92
96            </intent-filter>
97        </receiver>
98    </application>
99
100</manifest>